C51 COMPILER V9.54   MAIN                                                                  01/26/2016 16:41:00 PAGE 1   


C51 COMPILER V9.54, COMPILATION OF MODULE MAIN
OBJECT MODULE PLACED IN main.OBJ
COMPILER INVOKED BY: C:\Keil_v5\C51\BIN\C51.EXE main.c OPTIMIZE(8,SPEED) BROWSE INTVECTOR(0X2000) DEBUG OBJECTEXTEND TAB
                    -S(2)

line level    source

   1          #include <regx52.h>
   2          #include <DELAY\delay.h>
   3          #include <LCD1602\lcd1602.h>
   4          #include <DS1820\ds18b20.h>
   5          #include <stdio.h>
   6          void main()
   7          {
   8   1        float Nhiet_Do;
   9   1        unsigned char Lcd_Buff[15];
  10   1        lcd1602_init();
  11   1        delay_ms(1000);
  12   1        lcd1602_clear();
  13   1        lcd1602_gotoxy(0,0);
  14   1        lcd1602_puts(" DS18B20: ");
  15   1        
  16   1        while(1)
  17   1          {
  18   2            Nhiet_Do = ds18b20_readtemp();    
  19   2            sprintf(Lcd_Buff," TEMP: %2.2f^C",Nhiet_Do);
  20   2            lcd1602_gotoxy(0,1);
  21   2            lcd1602_puts(Lcd_Buff);
  22   2            delay_ms(300);
  23   2          }
  24   1      }
  25          // ------------------END OF FILE--------------------
  26          // -------------------------------------------------


MODULE INFORMATION:   STATIC OVERLAYABLE
   CODE SIZE        =     90    ----
   CONSTANT SIZE    =     26    ----
   XDATA SIZE       =   ----    ----
   PDATA SIZE       =   ----    ----
   DATA SIZE        =   ----      19
   IDATA SIZE       =   ----    ----
   BIT SIZE         =   ----    ----
END OF MODULE INFORMATION.


C51 COMPILATION COMPLETE.  0 WARNING(S),  0 ERROR(S)
